# JRE version: OpenJDK Runtime Environment Temurin-21.0.8+9 (21.0.8+9) (build 21.0.8+9-LTS)
# Java VM: OpenJDK 64-Bit Server VM Temurin-21.0.8+9 (21.0.8+9-LTS, mixed mode, tiered, compressed oops, compressed class ptrs, g1 gc, windows-amd64)
GC Precious Log:
 CardTable entry size: 512
 Card Set container configuration: InlinePtr #cards 5 size 8 Array Of Cards #cards 12 size 40 Howl #buckets 4 coarsen threshold 1843 Howl Bitmap #cards 512 size 80 coarsen threshold 460 Card regions per heap region 1 cards per card region 2048
 CPUs: 4 total, 4 available
 Memory: 3530M
 Large Page Support: Disabled
 NUMA Support: Disabled
 Compressed Oops: Enabled (32-bit)
 Heap Region Size: 1M
 Heap Min Capacity: 8M
 Heap Initial Capacity: 56M
 Heap Max Capacity: 884M
 Pre-touch: Disabled
 Parallel Workers: 4
 Concurrent Workers: 1
 Concurrent Refinement Workers: 4
 Periodic GC: Disabled
Heap:
 garbage-first heap   total 57344K, used 21722K [0x00000000c8c00000, 0x0000000100000000)
  region size 1024K, 8 young (8192K), 2 survivors (2048K)
 Metaspace       used 22469K, committed 22848K, reserved 1114112K
  class space    used 2443K, committed 2624K, reserved 1048576K
GC Heap History (10 events):
Event: 4.127 GC heap before
{Heap before GC invocations=0 (full 0):
 garbage-first heap   total 57344K, used 16384K [0x00000000c8c00000, 0x0000000100000000)
  region size 1024K, 13 young (13312K), 0 survivors (0K)
 Metaspace       used 9781K, committed 9920K, reserved 1114112K
  class space    used 821K, committed 896K, reserved 1048576K
}
Event: 4.167 GC heap after
{Heap after GC invocations=1 (full 0):
 garbage-first heap   total 57344K, used 9616K [0x00000000c8c00000, 0x0000000100000000)
  region size 1024K, 2 young (2048K), 2 survivors (2048K)
 Metaspace       used 9781K, committed 9920K, reserved 1114112K
  class space    used 821K, committed 896K, reserved 1048576K
}
Event: 5.728 GC heap before
{Heap before GC invocations=1 (full 0):
 garbage-first heap   total 57344K, used 22928K [0x00000000c8c00000, 0x0000000100000000)
  region size 1024K, 12 young (12288K), 2 survivors (2048K)
 Metaspace       used 10592K, committed 10752K, reserved 1114112K
  class space    used 925K, committed 1024K, reserved 1048576K
}
Event: 5.741 GC heap after
{Heap after GC invocations=2 (full 0):
 garbage-first heap   total 57344K, used 16980K [0x00000000c8c00000, 0x0000000100000000)
  region size 1024K, 2 young (2048K), 2 survivors (2048K)
 Metaspace       used 10592K, committed 10752K, reserved 1114112K
  class space    used 925K, committed 1024K, reserved 1048576K
}
Event: 10.177 GC heap before
{Heap before GC invocations=2 (full 0):
 garbage-first heap   total 57344K, used 32340K [0x00000000c8c00000, 0x0000000100000000)
  region size 1024K, 17 young (17408K), 2 survivors (2048K)
 Metaspace       used 14703K, committed 14848K, reserved 1114112K
  class space    used 1395K, committed 1472K, reserved 1048576K
}
Event: 10.192 GC heap after
{Heap after GC invocations=3 (full 0):
 garbage-first heap   total 57344K, used 18222K [0x00000000c8c00000, 0x0000000100000000)
  region size 1024K, 3 young (3072K), 3 survivors (3072K)
 Metaspace       used 14703K, committed 14848K, reserved 1114112K
  class space    used 1395K, committed 1472K, reserved 1048576K
}
Event: 17.952 GC heap before
{Heap before GC invocations=3 (full 0):
 garbage-first heap   total 57344K, used 35630K [0x00000000c8c00000, 0x0000000100000000)
  region size 1024K, 20 young (20480K), 3 survivors (3072K)
 Metaspace       used 19010K, committed 19264K, reserved 1114112K
  class space    used 1952K, committed 2048K, reserved 1048576K
}
Event: 17.961 GC heap after
{Heap after GC invocations=4 (full 0):
 garbage-first heap   total 57344K, used 18125K [0x00000000c8c00000, 0x0000000100000000)
  region size 1024K, 2 young (2048K), 2 survivors (2048K)
 Metaspace       used 19010K, committed 19264K, reserved 1114112K
  class space    used 1952K, committed 2048K, reserved 1048576K
}
Event: 19.321 GC heap before
{Heap before GC invocations=4 (full 0):
 garbage-first heap   total 57344K, used 23245K [0x00000000c8c00000, 0x0000000100000000)
  region size 1024K, 9 young (9216K), 2 survivors (2048K)
 Metaspace       used 21179K, committed 21504K, reserved 1114112K
  class space    used 2285K, committed 2432K, reserved 1048576K
}
Event: 19.327 GC heap after
{Heap after GC invocations=5 (full 0):
 garbage-first heap   total 57344K, used 18650K [0x00000000c8c00000, 0x0000000100000000)
  region size 1024K, 2 young (2048K), 2 survivors (2048K)
 Metaspace       used 21179K, committed 21504K, reserved 1114112K
  class space    used 2285K, committed 2432K, reserved 1048576K
}

